生成启动时间为 2019/5/20 22:35:04。
     1>项目“C:\myproject\HyTestBuilder\ExportClass\ExportClass.vcxproj”在节点 2 上(Build 个目标)。
     1>ClCompile:
         C:\Program Files (x86)\Microsoft Visual Studio 12.0\VC\bin\CL.exe /c /I..\soem\oshw\wpcap\Include /I..\soem\oshw /I..\soem\osal /I..\soem\soem /AI"C:\Program Files (x86)\Reference Assemblies\Microsoft\Framework\.NETFramework\v4.5.2\\" /AI"C:\Program Files (x86)\Windows Kits\8.1\References\CommonConfiguration\Neutral" /AI"C:\Program Files (x86)\Reference Assemblies\Microsoft\Framework\.NETFramework\v4.5.2\Facades\\" /Zi /clr /nologo /W3 /WX- /Od /Ob0 /Oy- /D WIN32 /D _DEBUG /D _WINDOWS /D _CRT_SECURE_NO_WARNINGS /D _WINDLL /D _UNICODE /D UNICODE /EHa /MDd /GS /fp:precise /Zc:wchar_t /Zc:forScope /Fo"Debug\\" /Fd"Debug\vc120.pdb" /TP /FU"C:\Program Files (x86)\Reference Assemblies\Microsoft\Framework\.NETFramework\v4.5.2\mscorlib.dll" /FU"C:\Program Files (x86)\Reference Assemblies\Microsoft\Framework\.NETFramework\v4.5.2\System.Data.dll" /FU"C:\Program Files (x86)\Reference Assemblies\Microsoft\Framework\.NETFramework\v4.5.2\System.dll" /FU"C:\Program Files (x86)\Reference Assemblies\Microsoft\Framework\.NETFramework\v4.5.2\System.Xml.dll" /analyze- /errorReport:prompt /clr:nostdlib SoemImplClass.cpp Trans2Redis.cpp
         SoemImplClass.cpp
     1>c:\myproject\hytestbuilder\soem\soem\ethercateoe.h(166): warning C4200: 使用了非标准扩展 : 结构/联合中的零大小数组
                 当 UDT 包含大小为零的数组时，无法生成复制构造函数或副本赋值运算符
     1>SoemImplClass.cpp(25): warning C4101: “nSM”: 未引用的局部变量
     1>SoemImplClass.cpp(26): warning C4101: “ssigen”: 未引用的局部变量
     1>SoemImplClass.cpp(25): warning C4101: “cnt”: 未引用的局部变量
     1>SoemImplClass.cpp(25): warning C4101: “j”: 未引用的局部变量
         Trans2Redis.cpp
     1>c:\myproject\hytestbuilder\soem\soem\ethercateoe.h(166): warning C4200: 使用了非标准扩展 : 结构/联合中的零大小数组
                 当 UDT 包含大小为零的数组时，无法生成复制构造函数或副本赋值运算符
     1>c:\myproject\hytestbuilder\redis\src\win32_interop\win32_types.h(37): error C2371: “off_t”: 重定义；不同的基类型
                 C:\Program Files (x86)\Microsoft Visual Studio 12.0\VC\include\wchar.h(494) : 参见“off_t”的声明
     1>c:\myproject\hytestbuilder\redis\src\win32_interop\Win32_FDAPI.h(35): error C4005: “INCL_WINSOCK_API_PROTOTYPES”: 宏重定义
                 C:\Program Files (x86)\Windows Kits\8.1\Include\um\winsock2.h(31) : 参见“INCL_WINSOCK_API_PROTOTYPES”的前一个定义
     1>c:\myproject\hytestbuilder\redis\src\win32_interop\Win32_FDAPI.h(56): error C2084: 函数“char *gai_strerrorA(int)”已有主体
                 C:\myproject\HyTestBuilder\Redis\src\Win32_Interop\ws2tcpip.h(667) : 参见“gai_strerrorA”的前一个定义
     1>c:\myproject\hytestbuilder\redis\src\win32_interop\Win32_FDAPI.h(73): error C2084: 函数“WCHAR *gai_strerrorW(int)”已有主体
                 C:\myproject\HyTestBuilder\Redis\src\Win32_Interop\ws2tcpip.h(688) : 参见“gai_strerrorW”的前一个定义
     1>c:\myproject\hytestbuilder\redis\src\win32_interop\Win32_FDAPI.h(157): error C2365: “accept”: 重定义；以前的定义是“函数”
                 C:\Program Files (x86)\Windows Kits\8.1\Include\um\winsock2.h(1577) : 参见“accept”的声明
     1>c:\myproject\hytestbuilder\redis\src\win32_interop\Win32_FDAPI.h(158): error C2365: “access”: 重定义；以前的定义是“函数”
                 C:\Program Files (x86)\Microsoft Visual Studio 12.0\VC\include\io.h(323) : 参见“access”的声明
     1>c:\myproject\hytestbuilder\redis\src\win32_interop\Win32_FDAPI.h(159): error C2365: “bind”: 重定义；以前的定义是“函数”
                 C:\Program Files (x86)\Windows Kits\8.1\Include\um\winsock2.h(1599) : 参见“bind”的声明
     1>c:\myproject\hytestbuilder\redis\src\win32_interop\Win32_FDAPI.h(160): error C2365: “connect”: 重定义；以前的定义是“函数”
                 C:\Program Files (x86)\Windows Kits\8.1\Include\um\winsock2.h(1637) : 参见“connect”的声明
     1>c:\myproject\hytestbuilder\redis\src\win32_interop\Win32_FDAPI.h(167): error C2365: “getsockopt”: 重定义；以前的定义是“函数”
                 C:\Program Files (x86)\Windows Kits\8.1\Include\um\winsock2.h(1721) : 参见“getsockopt”的声明
     1>c:\myproject\hytestbuilder\redis\src\win32_interop\Win32_FDAPI.h(168): error C2365: “getpeername”: 重定义；以前的定义是“函数”
                 C:\Program Files (x86)\Windows Kits\8.1\Include\um\winsock2.h(1679) : 参见“getpeername”的声明
     1>c:\myproject\hytestbuilder\redis\src\win32_interop\Win32_FDAPI.h(169): error C2365: “getsockname”: 重定义；以前的定义是“函数”
                 C:\Program Files (x86)\Windows Kits\8.1\Include\um\winsock2.h(1700) : 参见“getsockname”的声明
     1>c:\myproject\hytestbuilder\redis\src\win32_interop\Win32_FDAPI.h(170): error C2365: “htonl”: 重定义；以前的定义是“函数”
                 C:\Program Files (x86)\Windows Kits\8.1\Include\um\winsock2.h(1746) : 参见“htonl”的声明
     1>c:\myproject\hytestbuilder\redis\src\win32_interop\Win32_FDAPI.h(171): error C2365: “htons”: 重定义；以前的定义是“函数”
                 C:\Program Files (x86)\Windows Kits\8.1\Include\um\winsock2.h(1763) : 参见“htons”的声明
     1>c:\myproject\hytestbuilder\redis\src\win32_interop\Win32_FDAPI.h(172): error C2365: “isatty”: 重定义；以前的定义是“函数”
                 C:\Program Files (x86)\Microsoft Visual Studio 12.0\VC\include\io.h(332) : 参见“isatty”的声明
     1>c:\myproject\hytestbuilder\redis\src\win32_interop\Win32_FDAPI.h(175): error C2365: “listen”: 重定义；以前的定义是“函数”
                 C:\Program Files (x86)\Windows Kits\8.1\Include\um\winsock2.h(1897) : 参见“listen”的声明
     1>c:\myproject\hytestbuilder\redis\src\win32_interop\Win32_FDAPI.h(177): error C2365: “ntohl”: 重定义；以前的定义是“函数”
                 C:\Program Files (x86)\Windows Kits\8.1\Include\um\winsock2.h(1916) : 参见“ntohl”的声明
     1>c:\myproject\hytestbuilder\redis\src\win32_interop\Win32_FDAPI.h(178): error C2365: “ntohs”: 重定义；以前的定义是“函数”
                 C:\Program Files (x86)\Windows Kits\8.1\Include\um\winsock2.h(1933) : 参见“ntohs”的声明
     1>c:\myproject\hytestbuilder\redis\src\win32_interop\Win32_FDAPI.h(179): error C2365: “open”: 重定义；以前的定义是“函数”
                 C:\Program Files (x86)\Microsoft Visual Studio 12.0\VC\include\io.h(336) : 参见“open”的声明
     1>c:\myproject\hytestbuilder\redis\src\win32_interop\Win32_FDAPI.h(182): error C2365: “read”: 重定义；以前的定义是“函数”
                 C:\Program Files (x86)\Microsoft Visual Studio 12.0\VC\include\io.h(337) : 参见“read”的声明
     1>c:\myproject\hytestbuilder\redis\src\win32_interop\Win32_FDAPI.h(183): error C2365: “select”: 重定义；以前的定义是“函数”
                 C:\Program Files (x86)\Windows Kits\8.1\Include\um\winsock2.h(2000) : 参见“select”的声明
     1>c:\myproject\hytestbuilder\redis\src\win32_interop\Win32_FDAPI.h(184): error C2365: “setsockopt”: 重定义；以前的定义是“函数”
                 C:\Program Files (x86)\Windows Kits\8.1\Include\um\winsock2.h(2075) : 参见“setsockopt”的声明
     1>c:\myproject\hytestbuilder\redis\src\win32_interop\Win32_FDAPI.h(185): error C2365: “socket”: 重定义；以前的定义是“函数”
                 C:\Program Files (x86)\Windows Kits\8.1\Include\um\winsock2.h(2120) : 参见“socket”的声明
     1>c:\myproject\hytestbuilder\redis\src\win32_interop\Win32_FDAPI.h(186): error C2365: “write”: 重定义；以前的定义是“函数”
                 C:\Program Files (x86)\Microsoft Visual Studio 12.0\VC\include\io.h(342) : 参见“write”的声明
         正在生成代码...
     1>已完成生成项目“C:\myproject\HyTestBuilder\ExportClass\ExportClass.vcxproj”(Build 个目标)的操作 - 失败。

生成失败。

已用时间 00:00:01.90
